[vite] connected.
[2m13:17:42[22m [34m[types][39m Generated [2m1ms[22m
[33m[1m13:17:42[22m [WARN] [content][39m Content config not loaded
[42m[1m astro [22m[49m [32mv6.1.2[39m [2mready in[22m 2443 [2mms[22m
[2m┃[22m Local    [36mhttp://127.0.0.1:4322/[39m
[2m13:17:42[22m [32mwatching for file changes...[39m
[2m13:18:01[22m [34m[200][39m / [2m83ms[22m
[vite] program reload
[vite] An error happened during full reload
Failed to load url astro:server-app.js (resolved id: astro:server-app.js). Does the file exist?
Error: Failed to load url astro:server-app.js (resolved id: astro:server-app.js). Does the file exist?
    at loadAndTransform (file:///D:/proyectos/Portafolio%202026/node_modules/astro/node_modules/vite/dist/node/chunks/config.js:22663:33)
[vite] program reload
[vite] program reload
[vite] program reload
[2m13:18:04[22m [34m[200][39m / [2m1802ms[22m
[2m13:18:04[22m [34m[200][39m / [2m1802ms[22m
[2m13:18:04[22m [34m[200][39m / [2m1519ms[22m
[2m13:18:04[22m [34m[200][39m / [2m397ms[22m
[vite] program reload
[vite] program reload
[vite] program reload
[2m13:18:05[22m [33m[404][39m /favicon.svg [2m60ms[22m
[2m13:18:05[22m [34m[200][39m / [2m302ms[22m
[vite] program reload
[vite] program reload
[vite] program reload
[vite] program reload
[2m13:18:07[22m [34m[200][39m / [2m306ms[22m
[2m13:18:07[22m [34m[200][39m / [2m306ms[22m
[vite] program reload
[vite] program reload
[vite] program reload
[2m13:18:08[22m [34m[200][39m / [2m281ms[22m
[vite] program reload
[vite] program reload
[vite] program reload
[2m13:18:09[22m [34m[200][39m / [2m17ms[22m
[vite] program reload
[2m13:18:37[22m [34m[200][39m /proyectos [2m89ms[22m
[2m13:18:37[22m [34m[200][39m /proyectos [2m5ms[22m
[2m13:18:37[22m [34m[200][39m /proyectos [2m4ms[22m
[vite] program reload
[vite] program reload
[2m13:18:38[22m [34m[200][39m /proyectos [2m327ms[22m
[2m13:18:38[22m [34m[200][39m / [2m360ms[22m
[2m13:18:38[22m [34m[200][39m / [2m360ms[22m
[vite] program reload
[vite] program reload
[2m13:18:39[22m [34m[200][39m /proyectos [2m19ms[22m
[vite] program reload
[2m13:18:40[22m [34m[200][39m / [2m17ms[22m
[vite] program reload
[vite] program reload
[2m13:18:40[22m [34m[200][39m / [2m75ms[22m
[vite] program reload
[2m13:18:41[22m [34m[200][39m /proyectos [2m16ms[22m
[vite] program reload
[2m13:18:42[22m [34m[200][39m / [2m20ms[22m
[vite] program reload
[vite] program reload
[2m13:18:42[22m [34m[200][39m / [2m65ms[22m
[vite] program reload
[vite] program reload
[2m13:18:43[22m [34m[200][39m / [2m59ms[22m
[vite] program reload
[vite] program reload
[2m13:18:44[22m [34m[200][39m /proyectos [2m16ms[22m
[vite] program reload
[2m13:18:45[22m [34m[200][39m / [2m26ms[22m
[vite] program reload
[vite] program reload
[2m13:18:45[22m [34m[200][39m /proyectos [2m70ms[22m
[vite] program reload
[2m13:18:46[22m [34m[200][39m / [2m17ms[22m
[vite] program reload
[vite] program reload
[2m13:18:47[22m [34m[200][39m / [2m63ms[22m
[vite] program reload
[vite] program reload
[vite] program reload
[2m13:18:48[22m [34m[200][39m / [2m18ms[22m
[vite] program reload
[2m13:18:49[22m [34m[200][39m /proyectos [2m14ms[22m
[vite] program reload
[2m13:18:50[22m [34m[200][39m / [2m16ms[22m
[vite] program reload
[vite] program reload
[2m13:18:51[22m [34m[200][39m / [2m54ms[22m
[vite] program reload
[vite] program reload
[2m13:18:52[22m [34m[200][39m / [2m55ms[22m
[vite] program reload
[2m13:18:52[22m [34m[200][39m /proyectos [2m15ms[22m
[vite] program reload
[2m13:18:55[22m [34m[200][39m / [2m16ms[22m
[vite] program reload
[2m13:18:56[22m [34m[200][39m /proyectos [2m11ms[22m
[vite] program reload
[2m13:18:58[22m [34m[200][39m / [2m18ms[22m
[vite] program reload
[2m13:18:58[22m [34m[200][39m /proyectos [2m15ms[22m
[vite] program reload
[vite] program reload
[2m13:19:00[22m [34m[200][39m / [2m65ms[22m
[2m13:19:00[22m [34m[200][39m / [2m65ms[22m
[vite] program reload
[2m13:19:01[22m [34m[200][39m /proyectos [2m13ms[22m
[vite] program reload
[2m13:19:03[22m [34m[200][39m / [2m13ms[22m
[vite] program reload
[2m13:19:04[22m [34m[200][39m /proyectos [2m15ms[22m
[vite] program reload
[2m13:19:05[22m [34m[200][39m / [2m16ms[22m
[vite] program reload
[2m13:19:05[22m [34m[200][39m /proyectos [2m15ms[22m
[vite] program reload
[2m13:19:07[22m [34m[200][39m / [2m21ms[22m
[vite] program reload
[2m13:19:08[22m [34m[200][39m /proyectos [2m16ms[22m
[vite] program reload
[2m13:19:10[22m [34m[200][39m / [2m18ms[22m
[vite] program reload
[2m13:19:10[22m [34m[200][39m /proyectos [2m13ms[22m
[vite] program reload
[2m13:19:11[22m [34m[200][39m / [2m17ms[22m
[vite] program reload
[vite] program reload
[2m13:19:11[22m [34m[200][39m / [2m58ms[22m
[vite] program reload
[vite] program reload
[2m13:19:12[22m [34m[200][39m / [2m56ms[22m
[vite] program reload
[2m13:19:13[22m [34m[200][39m /proyectos [2m19ms[22m
[vite] program reload
[2m13:19:15[22m [34m[200][39m / [2m19ms[22m
[vite] program reload
[2m13:19:15[22m [34m[200][39m /proyectos [2m12ms[22m
[vite] program reload
[2m13:19:17[22m [34m[200][39m / [2m20ms[22m
[vite] program reload
[2m13:19:17[22m [34m[200][39m /proyectos [2m15ms[22m
[vite] program reload
[2m13:19:24[22m [34m[200][39m / [2m18ms[22m
[vite] program reload
[2m13:19:25[22m [34m[200][39m /proyectos [2m12ms[22m
[vite] program reload
[2m13:19:26[22m [34m[200][39m / [2m16ms[22m
[vite] program reload
[2m13:19:27[22m [34m[200][39m /proyectos [2m16ms[22m
[vite] program reload
[2m13:19:32[22m [34m[200][39m / [2m17ms[22m
[vite] program reload
[vite] program reload
[2m13:19:32[22m [34m[200][39m / [2m48ms[22m
[vite] program reload
[2m13:19:33[22m [34m[200][39m /proyectos [2m12ms[22m
[vite] program reload
[2m13:19:34[22m [34m[200][39m / [2m18ms[22m
[vite] program reload
[2m13:19:35[22m [34m[200][39m /proyectos [2m14ms[22m
[vite] program reload
[2m13:19:36[22m [34m[200][39m / [2m17ms[22m
[vite] program reload
[2m13:19:37[22m [34m[200][39m /proyectos [2m14ms[22m
[vite] program reload
[2m13:19:38[22m [34m[200][39m / [2m16ms[22m
[vite] program reload
[2m13:19:39[22m [34m[200][39m /proyectos [2m14ms[22m
[vite] program reload
[vite] program reload
[2m13:19:41[22m [34m[200][39m / [2m58ms[22m
[2m13:19:41[22m [34m[200][39m / [2m58ms[22m
[vite] program reload
[2m13:19:42[22m [34m[200][39m /proyectos [2m15ms[22m
[vite] program reload
[2m13:19:44[22m [34m[200][39m / [2m16ms[22m
[vite] program reload
[vite] program reload
[2m13:19:45[22m [34m[200][39m / [2m66ms[22m
[vite] program reload
[2m13:19:46[22m [34m[200][39m /proyectos [2m11ms[22m
[vite] program reload
[2m13:19:50[22m [34m[200][39m / [2m21ms[22m
[vite] program reload
[2m13:19:51[22m [34m[200][39m /proyectos [2m20ms[22m
[vite] program reload
[2m13:19:52[22m [34m[200][39m / [2m18ms[22m
[vite] program reload
[2m13:19:53[22m [34m[200][39m /proyectos [2m17ms[22m
[vite] program reload
[2m13:19:57[22m [34m[200][39m / [2m15ms[22m
[vite] program reload
[2m13:19:58[22m [34m[200][39m /proyectos [2m14ms[22m
[vite] program reload
[2m13:19:59[22m [34m[200][39m / [2m15ms[22m
[vite] program reload
[2m13:20:00[22m [34m[200][39m /proyectos [2m13ms[22m
[vite] program reload
[vite] program reload
[2m13:20:01[22m [34m[200][39m / [2m73ms[22m
[2m13:20:01[22m [34m[200][39m / [2m73ms[22m
[vite] program reload
[vite] program reload
[2m13:20:02[22m [34m[200][39m /proyectos [2m57ms[22m
[vite] program reload
[vite] program reload
[2m13:20:05[22m [34m[200][39m / [2m88ms[22m
[2m13:20:05[22m [34m[200][39m / [2m88ms[22m
[vite] program reload
[2m13:20:06[22m [34m[200][39m /proyectos [2m13ms[22m
[vite] program reload
[2m13:20:06[22m [34m[200][39m / [2m18ms[22m
[vite] program reload
[vite] program reload
[2m13:20:07[22m [34m[200][39m / [2m60ms[22m
[vite] program reload
[2m13:20:08[22m [34m[200][39m /proyectos [2m472ms[22m
[2m13:20:08[22m [34m[200][39m /proyectos [2m6ms[22m
[vite] program reload
[2m13:20:13[22m [34m[200][39m / [2m18ms[22m
[vite] program reload
[vite] program reload
[2m13:20:13[22m [34m[200][39m / [2m52ms[22m
[vite] program reload
[vite] program reload
[2m13:20:14[22m [34m[200][39m / [2m61ms[22m
[2m13:20:14[22m [34m[200][39m /proyectos [2m14ms[22m
[vite] program reload
[2m13:20:15[22m [34m[200][39m / [2m22ms[22m
[vite] program reload
[2m13:20:16[22m [34m[200][39m /proyectos [2m19ms[22m
[vite] program reload
[2m13:20:16[22m [34m[200][39m / [2m18ms[22m
[vite] program reload
[2m13:20:17[22m [34m[200][39m /proyectos [2m13ms[22m
[vite] program reload
[2m13:20:18[22m [34m[200][39m / [2m16ms[22m
[vite] program reload
[vite] program reload
[2m13:20:19[22m [34m[200][39m / [2m65ms[22m
[vite] program reload
[vite] program reload
[2m13:20:20[22m [34m[200][39m / [2m59ms[22m
[2m13:20:20[22m [34m[200][39m /proyectos [2m14ms[22m
[vite] program reload
[2m13:20:21[22m [34m[200][39m /proyectos [2m33ms[22m
[vite] program reload
[2m13:20:22[22m [34m[200][39m / [2m19ms[22m
[vite] program reload
[vite] program reload
[2m13:20:23[22m [34m[200][39m / [2m99ms[22m
[vite] program reload
[vite] program reload
[2m13:20:23[22m [34m[200][39m / [2m70ms[22m
[2m13:20:23[22m [34m[200][39m / [2m70ms[22m
[vite] program reload
[2m13:20:24[22m [34m[200][39m /proyectos [2m16ms[22m
[vite] program reload
[2m13:20:28[22m [34m[200][39m / [2m18ms[22m
[vite] program reload
[2m13:20:29[22m [34m[200][39m /proyectos [2m18ms[22m
[vite] program reload
[2m13:20:32[22m [34m[200][39m / [2m14ms[22m
[vite] program reload
[vite] program reload
[2m13:20:33[22m [34m[200][39m / [2m72ms[22m
[vite] program reload
[vite] program reload
[2m13:20:34[22m [34m[200][39m / [2m70ms[22m
[vite] program reload
[vite] program reload
[2m13:20:34[22m [34m[200][39m / [2m62ms[22m
[vite] program reload
[2m13:20:35[22m [34m[200][39m /proyectos [2m17ms[22m
[vite] program reload
[2m13:20:39[22m [34m[200][39m / [2m18ms[22m
[vite] program reload
[2m13:20:40[22m [34m[200][39m /proyectos [2m12ms[22m
[vite] program reload
[vite] program reload
[2m13:20:43[22m [34m[200][39m / [2m57ms[22m
[2m13:20:43[22m [34m[200][39m / [2m57ms[22m
[vite] program reload
[2m13:20:44[22m [34m[200][39m /proyectos [2m16ms[22m
[vite] program reload
[2m13:20:44[22m [34m[200][39m / [2m18ms[22m
[vite] program reload
[2m13:20:45[22m [34m[200][39m /proyectos [2m14ms[22m
[vite] program reload
[2m13:20:46[22m [34m[200][39m / [2m18ms[22m
[vite] program reload
[2m13:20:47[22m [34m[200][39m /proyectos [2m14ms[22m
[vite] program reload
[vite] program reload
[2m13:20:48[22m [34m[200][39m / [2m59ms[22m
[2m13:20:48[22m [34m[200][39m / [2m60ms[22m
[vite] program reload
[vite] program reload
[2m13:20:49[22m [34m[200][39m / [2m54ms[22m
[vite] program reload
[vite] program reload
[2m13:20:50[22m [34m[200][39m / [2m59ms[22m
[vite] program reload
[2m13:20:51[22m [34m[200][39m /proyectos [2m15ms[22m
[vite] program reload
[2m13:20:52[22m [34m[200][39m / [2m14ms[22m
[vite] program reload
[2m13:20:53[22m [34m[200][39m /proyectos [2m16ms[22m
[vite] program reload
[2m13:20:54[22m [34m[200][39m / [2m18ms[22m
[vite] program reload
[2m13:20:55[22m [34m[200][39m /proyectos [2m15ms[22m
[vite] program reload
[2m13:20:56[22m [34m[200][39m / [2m22ms[22m
[vite] program reload
[vite] program reload
[2m13:20:56[22m [34m[200][39m / [2m53ms[22m
[vite] program reload
[2m13:20:58[22m [34m[200][39m /proyectos [2m14ms[22m
[vite] program reload
[2m13:21:02[22m [34m[200][39m / [2m15ms[22m
[vite] program reload
[vite] program reload
[2m13:21:02[22m [34m[200][39m / [2m78ms[22m
[vite] program reload
[vite] program reload
[2m13:21:04[22m [34m[200][39m /proyectos [2m327ms[22m
[2m13:21:04[22m [34m[200][39m / [2m344ms[22m
[2m13:21:04[22m [34m[200][39m / [2m344ms[22m
[vite] program reload
[vite] program reload
[vite] program reload
[2m13:21:05[22m [34m[200][39m / [2m19ms[22m
[vite] program reload
[2m13:21:06[22m [34m[200][39m /proyectos [2m13ms[22m
[vite] program reload
[2m13:21:07[22m [34m[200][39m / [2m14ms[22m
[vite] program reload
[vite] program reload
[2m13:21:08[22m [34m[200][39m / [2m50ms[22m
[vite] program reload
[2m13:21:09[22m [34m[200][39m /proyectos [2m12ms[22m
[vite] program reload
[2m13:21:09[22m [34m[200][39m / [2m15ms[22m
[vite] program reload
[2m13:21:10[22m [34m[200][39m /proyectos [2m16ms[22m
[vite] program reload
[2m13:21:11[22m [34m[200][39m / [2m18ms[22m
[vite] program reload
[2m13:21:12[22m [34m[200][39m /proyectos [2m14ms[22m
[vite] program reload
[vite] program reload
[2m13:21:14[22m [34m[200][39m / [2m84ms[22m
[2m13:21:14[22m [34m[200][39m / [2m84ms[22m
[vite] program reload
[2m13:21:15[22m [34m[200][39m /proyectos [2m14ms[22m
[vite] program reload
[2m13:21:18[22m [34m[200][39m / [2m16ms[22m
[vite] program reload
[2m13:21:19[22m [34m[200][39m /proyectos [2m18ms[22m
[vite] program reload
[2m13:21:20[22m [34m[200][39m / [2m16ms[22m
[vite] program reload
[vite] program reload
[2m13:21:21[22m [34m[200][39m / [2m58ms[22m
[2m13:21:21[22m [34m[200][39m /proyectos [2m16ms[22m
[vite] program reload
[2m13:21:22[22m [34m[200][39m / [2m13ms[22m
[vite] program reload
[2m13:21:23[22m [34m[200][39m /proyectos [2m13ms[22m
[vite] program reload
[2m13:21:23[22m [34m[200][39m / [2m14ms[22m
[vite] program reload
[2m13:21:24[22m [34m[200][39m /proyectos [2m16ms[22m
[vite] program reload
[2m13:21:27[22m [34m[200][39m / [2m14ms[22m
[vite] program reload
[2m13:21:28[22m [34m[200][39m /proyectos [2m14ms[22m
[vite] program reload
[2m13:21:30[22m [34m[200][39m / [2m14ms[22m
[vite] program reload
[2m13:21:31[22m [34m[200][39m /proyectos [2m12ms[22m
[2m13:21:31[22m [34m[200][39m /proyectos [2m4ms[22m
[2m13:21:31[22m [34m[200][39m /proyectos [2m4ms[22m
[vite] program reload
[2m13:21:32[22m [34m[200][39m / [2m14ms[22m
[vite] program reload
[2m13:21:33[22m [34m[200][39m /proyectos [2m11ms[22m
[vite] program reload
[vite] program reload
[2m13:21:39[22m [34m[200][39m / [2m62ms[22m
[2m13:21:39[22m [34m[200][39m / [2m62ms[22m
[vite] program reload
[2m13:21:40[22m [34m[200][39m /proyectos [2m14ms[22m
[vite] program reload
[2m13:21:41[22m [34m[200][39m / [2m14ms[22m
[vite] program reload
[2m13:21:42[22m [34m[200][39m /proyectos [2m12ms[22m
[vite] program reload
[2m13:21:43[22m [34m[200][39m / [2m26ms[22m
[vite] program reload
[2m13:21:45[22m [34m[200][39m /proyectos [2m14ms[22m
[vite] program reload
[2m13:21:49[22m [34m[200][39m / [2m19ms[22m
[vite] program reload
[vite] program reload
[2m13:21:49[22m [34m[200][39m / [2m50ms[22m
[vite] program reload
[2m13:21:50[22m [34m[200][39m /proyectos [2m12ms[22m
[vite] program reload
[2m13:21:53[22m [34m[200][39m / [2m20ms[22m
[vite] program reload
[2m13:21:54[22m [34m[200][39m /proyectos [2m17ms[22m
[vite] program reload
[2m13:21:56[22m [34m[200][39m / [2m16ms[22m
[vite] program reload
[2m13:21:57[22m [34m[200][39m /proyectos [2m13ms[22m
[vite] program reload
[2m13:21:57[22m [34m[200][39m / [2m21ms[22m
[vite] program reload
[2m13:21:58[22m [34m[200][39m /proyectos [2m14ms[22m
[vite] program reload
[2m13:21:59[22m [34m[200][39m / [2m31ms[22m
[vite] program reload
[vite] program reload
[2m13:22:00[22m [34m[200][39m / [2m59ms[22m
[2m13:22:00[22m [34m[200][39m /proyectos [2m17ms[22m
[vite] program reload
[vite] program reload
[2m13:22:01[22m [34m[200][39m / [2m59ms[22m
[2m13:22:01[22m [34m[200][39m / [2m59ms[22m
[vite] program reload
[vite] program reload
[2m13:22:02[22m [34m[200][39m / [2m61ms[22m
[vite] program reload
[2m13:22:03[22m [34m[200][39m /proyectos [2m24ms[22m
[vite] program reload
[vite] program reload
[2m13:22:06[22m [34m[200][39m / [2m66ms[22m
[2m13:22:06[22m [34m[200][39m / [2m66ms[22m
[vite] program reload
[2m13:22:07[22m [34m[200][39m /proyectos [2m12ms[22m
[vite] program reload
[2m13:22:10[22m [34m[200][39m / [2m24ms[22m
[vite] program reload
[2m13:22:12[22m [34m[200][39m /proyectos [2m17ms[22m
[vite] program reload
[2m13:22:15[22m [34m[200][39m / [2m18ms[22m
[vite] program reload
[2m13:22:16[22m [34m[200][39m /proyectos [2m13ms[22m
[vite] program reload
[vite] program reload
[2m13:22:19[22m [34m[200][39m / [2m68ms[22m
[2m13:22:19[22m [34m[200][39m / [2m68ms[22m
[vite] program reload
[vite] program reload
[2m13:22:20[22m [34m[200][39m /proyectos [2m260ms[22m
[2m13:22:20[22m [34m[200][39m / [2m278ms[22m
[vite] program reload
[2m13:22:21[22m [34m[200][39m /proyectos [2m15ms[22m
[vite] program reload
[2m13:22:21[22m [34m[200][39m / [2m17ms[22m
[vite] program reload
[vite] program reload
[2m13:22:22[22m [34m[200][39m /proyectos [2m56ms[22m
[vite] program reload
[2m13:22:26[22m [34m[200][39m / [2m20ms[22m
[vite] program reload
[vite] program reload
[2m13:22:27[22m [34m[200][39m / [2m61ms[22m
[vite] program reload
[vite] program reload
[2m13:22:27[22m [34m[200][39m / [2m59ms[22m
[vite] program reload
[vite] program reload
[2m13:22:29[22m [34m[200][39m /proyectos [2m12ms[22m
[vite] program reload
[2m13:22:32[22m [34m[200][39m / [2m19ms[22m
[vite] program reload
[2m13:22:33[22m [34m[200][39m /proyectos [2m14ms[22m
[vite] program reload
[2m13:22:35[22m [34m[200][39m / [2m14ms[22m
[vite] program reload
[2m13:22:37[22m [34m[200][39m /proyectos [2m13ms[22m
[vite] program reload
[2m13:22:39[22m [34m[200][39m / [2m18ms[22m
[vite] program reload
[2m13:22:40[22m [34m[200][39m /proyectos [2m11ms[22m
[vite] program reload
[2m13:22:42[22m [34m[200][39m / [2m17ms[22m
[vite] program reload
[2m13:22:44[22m [34m[200][39m /proyectos [2m14ms[22m
[vite] program reload
[2m13:22:48[22m [34m[200][39m / [2m14ms[22m
[vite] program reload
[2m13:22:49[22m [34m[200][39m /proyectos [2m16ms[22m
[vite] program reload
[2m13:22:51[22m [34m[200][39m / [2m20ms[22m
[vite] program reload
[2m13:22:52[22m [34m[200][39m /proyectos [2m14ms[22m
[vite] program reload
[2m13:22:55[22m [34m[200][39m / [2m21ms[22m
[vite] program reload
[vite] program reload
[2m13:22:56[22m [34m[200][39m / [2m62ms[22m
[2m13:22:56[22m [34m[200][39m /proyectos [2m12ms[22m
[vite] program reload
[vite] program reload
[2m13:22:57[22m [34m[200][39m /proyectos [2m56ms[22m
[vite] program reload
[2m13:23:00[22m [34m[200][39m / [2m29ms[22m
[vite] program reload
[vite] program reload
[2m13:23:01[22m [34m[200][39m / [2m61ms[22m
[vite] program reload
[vite] program reload
[2m13:23:01[22m [34m[200][39m / [2m63ms[22m
[vite] program reload
[vite] program reload
[2m13:23:02[22m [34m[200][39m / [2m63ms[22m
[vite] program reload
[2m13:23:03[22m [34m[200][39m /proyectos [2m14ms[22m
[vite] program reload
[2m13:23:04[22m [34m[200][39m / [2m16ms[22m
[vite] program reload
[vite] program reload
[2m13:23:05[22m [34m[200][39m / [2m68ms[22m
[vite] program reload
[vite] program reload
[2m13:23:06[22m [34m[200][39m / [2m58ms[22m
[2m13:23:06[22m [34m[200][39m /proyectos [2m14ms[22m
[vite] program reload
[vite] program reload
[2m13:23:06[22m [34m[200][39m / [2m77ms[22m
[vite] program reload
[vite] program reload
[2m13:23:07[22m [34m[200][39m / [2m60ms[22m
[vite] program reload
[2m13:23:08[22m [34m[200][39m /proyectos [2m12ms[22m
[vite] program reload
[2m13:23:09[22m [34m[200][39m / [2m16ms[22m
[vite] program reload
[vite] program reload
[2m13:23:09[22m [34m[200][39m / [2m57ms[22m
[vite] program reload
[2m13:23:11[22m [34m[200][39m /proyectos [2m13ms[22m
[vite] program reload
[2m13:23:11[22m [34m[200][39m / [2m18ms[22m
[vite] program reload
[vite] program reload
[2m13:23:12[22m [34m[200][39m / [2m59ms[22m
[vite] program reload
[vite] program reload
[2m13:23:13[22m [34m[200][39m / [2m66ms[22m
[2m13:23:13[22m [34m[200][39m /proyectos [2m23ms[22m
[vite] program reload
[vite] program reload
[2m13:23:14[22m [34m[200][39m / [2m324ms[22m
[2m13:23:14[22m [34m[200][39m / [2m81ms[22m
[2m13:23:14[22m [34m[200][39m /proyectos [2m110ms[22m
[vite] program reload
[vite] program reload
[2m13:23:15[22m [34m[200][39m / [2m58ms[22m
[2m13:23:15[22m [34m[200][39m /proyectos [2m13ms[22m
[vite] program reload
[2m13:23:16[22m [34m[200][39m / [2m19ms[22m
[vite] program reload
[2m13:23:17[22m [34m[200][39m /proyectos [2m18ms[22m
[vite] program reload
[2m13:23:17[22m [34m[200][39m / [2m16ms[22m
[vite] program reload
[2m13:23:18[22m [34m[200][39m /proyectos [2m14ms[22m
[vite] program reload
[2m13:23:22[22m [34m[200][39m / [2m18ms[22m
[vite] program reload
[2m13:23:23[22m [34m[200][39m /proyectos [2m11ms[22m
[vite] program reload
[2m13:23:23[22m [34m[200][39m / [2m14ms[22m
[vite] program reload
[2m13:23:24[22m [34m[200][39m /proyectos [2m20ms[22m
[vite] program reload
[2m13:23:28[22m [34m[200][39m / [2m16ms[22m
[vite] program reload
[2m13:23:30[22m [34m[200][39m /proyectos [2m14ms[22m
[vite] program reload
[2m13:23:32[22m [34m[200][39m / [2m14ms[22m
[vite] program reload
[2m13:23:33[22m [34m[200][39m /proyectos [2m15ms[22m
[vite] program reload
[2m13:23:35[22m [34m[200][39m / [2m16ms[22m
[vite] program reload
[vite] program reload
[2m13:23:35[22m [34m[200][39m / [2m54ms[22m
[vite] program reload
[vite] program reload
[2m13:23:36[22m [34m[200][39m / [2m58ms[22m
[vite] program reload
[2m13:23:37[22m [34m[200][39m /proyectos [2m15ms[22m
[vite] program reload
[2m13:23:40[22m [34m[200][39m / [2m21ms[22m
[vite] program reload
[vite] program reload
[2m13:23:40[22m [34m[200][39m / [2m70ms[22m
[vite] program reload
[vite] program reload
[2m13:23:42[22m [34m[200][39m / [2m92ms[22m
[vite] program reload
[vite] program reload
[2m13:23:42[22m [34m[200][39m / [2m69ms[22m
[vite] program reload
[2m13:23:44[22m [34m[200][39m /proyectos [2m17ms[22m
[vite] program reload
[2m13:23:48[22m [34m[200][39m / [2m16ms[22m
[vite] program reload
[2m13:23:49[22m [34m[200][39m /proyectos [2m19ms[22m
[vite] program reload
[2m13:23:49[22m [34m[200][39m / [2m16ms[22m
[vite] program reload
[vite] program reload
[2m13:23:50[22m [34m[200][39m / [2m70ms[22m
[vite] program reload
[2m13:23:51[22m [34m[200][39m /proyectos [2m15ms[22m
[vite] program reload
[2m13:23:51[22m [34m[200][39m / [2m17ms[22m
[vite] program reload
[2m13:23:53[22m [34m[200][39m /proyectos [2m17ms[22m
[vite] program reload
[2m13:23:56[22m [34m[200][39m / [2m19ms[22m
[vite] program reload
[2m13:23:57[22m [34m[200][39m /proyectos [2m16ms[22m
[vite] program reload
[2m13:24:01[22m [34m[200][39m / [2m19ms[22m
[vite] program reload
[vite] program reload
[2m13:24:01[22m [34m[200][39m / [2m94ms[22m
[vite] program reload
[vite] program reload
[2m13:24:02[22m [34m[200][39m / [2m60ms[22m
[vite] program reload
[2m13:24:03[22m [34m[200][39m /proyectos [2m13ms[22m
[vite] program reload
[2m13:24:06[22m [34m[200][39m / [2m17ms[22m
[vite] program reload
[2m13:24:07[22m [34m[200][39m /proyectos [2m15ms[22m
[vite] program reload
[2m13:24:12[22m [34m[200][39m / [2m19ms[22m
[vite] program reload
[2m13:24:13[22m [34m[200][39m /proyectos [2m16ms[22m
[vite] program reload
[2m13:24:14[22m [34m[200][39m / [2m18ms[22m
[vite] program reload
[2m13:24:14[22m [34m[200][39m /proyectos [2m12ms[22m
[vite] program reload
[2m13:24:15[22m [34m[200][39m / [2m17ms[22m
[vite] program reload
[2m13:24:15[22m [34m[200][39m /proyectos [2m17ms[22m
[vite] program reload
[2m13:24:20[22m [34m[200][39m / [2m16ms[22m
[vite] program reload
[2m13:24:20[22m [34m[200][39m /proyectos [2m14ms[22m
[vite] program reload
[2m13:24:22[22m [34m[200][39m / [2m18ms[22m
[vite] program reload
[vite] program reload
[2m13:24:23[22m [34m[200][39m /proyectos [2m13ms[22m
[vite] program reload
[2m13:24:32[22m [34m[200][39m / [2m18ms[22m
[vite] program reload
[2m13:24:33[22m [34m[200][39m /proyectos [2m14ms[22m
[vite] program reload
[2m13:24:34[22m [34m[200][39m / [2m19ms[22m
[vite] program reload
[2m13:24:34[22m [34m[200][39m /proyectos [2m17ms[22m
[vite] program reload
[2m13:24:39[22m [34m[200][39m / [2m20ms[22m
[vite] program reload
[vite] program reload
[2m13:24:39[22m [34m[200][39m / [2m55ms[22m
[vite] program reload
[vite] program reload
[2m13:24:40[22m [34m[200][39m / [2m53ms[22m
[vite] program reload
[2m13:24:41[22m [34m[200][39m /proyectos [2m20ms[22m
[vite] program reload
[2m13:24:43[22m [34m[200][39m / [2m19ms[22m
[vite] program reload
[2m13:24:43[22m [34m[200][39m /proyectos [2m18ms[22m
[vite] program reload
[2m13:24:47[22m [34m[200][39m / [2m17ms[22m
[vite] program reload
[2m13:24:47[22m [34m[200][39m /proyectos [2m11ms[22m
[vite] program reload
[vite] program reload
[2m13:24:48[22m [34m[200][39m / [2m60ms[22m
[2m13:24:48[22m [34m[200][39m / [2m60ms[22m
[vite] program reload
[vite] program reload
[2m13:24:49[22m [34m[200][39m /proyectos [2m15ms[22m
[vite] program reload
[2m13:24:51[22m [34m[200][39m / [2m14ms[22m
[vite] program reload
[vite] program reload
[2m13:24:51[22m [34m[200][39m / [2m56ms[22m
[vite] program reload
[vite] program reload
[2m13:24:53[22m [34m[200][39m / [2m17ms[22m
[2m13:24:53[22m [34m[200][39m /proyectos [2m17ms[22m
[vite] program reload
[2m13:24:53[22m [34m[200][39m /proyectos [2m14ms[22m
[vite] program reload
[2m13:24:54[22m [34m[200][39m / [2m21ms[22m
[vite] program reload
[vite] program reload
[2m13:24:55[22m [34m[200][39m / [2m59ms[22m
[vite] program reload
[2m13:24:56[22m [34m[200][39m /proyectos [2m15ms[22m
[vite] program reload
[2m13:24:56[22m [34m[200][39m / [2m17ms[22m
[vite] program reload
[2m13:24:57[22m [34m[200][39m /proyectos [2m16ms[22m
[vite] program reload
[2m13:24:58[22m [34m[200][39m / [2m18ms[22m
[vite] program reload
[vite] program reload
[2m13:24:59[22m [34m[200][39m / [2m57ms[22m
[vite] program reload
[2m13:24:59[22m [34m[200][39m /proyectos [2m15ms[22m
[vite] program reload
[2m13:25:01[22m [34m[200][39m / [2m15ms[22m
[vite] program reload
[vite] program reload
[2m13:25:02[22m [34m[200][39m / [2m55ms[22m
[vite] program reload
[vite] program reload
[2m13:25:03[22m [34m[200][39m / [2m54ms[22m
[vite] program reload
[2m13:25:03[22m [34m[200][39m / [2m15ms[22m
[vite] program reload
[2m13:25:04[22m [34m[200][39m /proyectos [2m12ms[22m
[vite] program reload
[2m13:25:09[22m [34m[200][39m / [2m17ms[22m
[vite] program reload
[2m13:25:11[22m [34m[200][39m /proyectos [2m15ms[22m
[vite] program reload
[vite] program reload
[2m13:25:14[22m [34m[200][39m / [2m65ms[22m
[2m13:25:14[22m [34m[200][39m / [2m65ms[22m
[vite] program reload
[vite] program reload
[2m13:25:15[22m [34m[200][39m /proyectos [2m260ms[22m
[vite] program reload
[2m13:25:15[22m [34m[200][39m / [2m15ms[22m
[vite] program reload
[2m13:25:17[22m [34m[200][39m /proyectos [2m16ms[22m
[vite] program reload
[2m13:25:20[22m [34m[200][39m / [2m15ms[22m
[vite] program reload
[2m13:25:21[22m [34m[200][39m /proyectos [2m14ms[22m
[vite] program reload
[2m13:25:23[22m [34m[200][39m / [2m16ms[22m
[vite] program reload
[2m13:25:24[22m [34m[200][39m /proyectos [2m16ms[22m
[vite] program reload
[vite] program reload
[2m13:25:25[22m [34m[200][39m / [2m63ms[22m
[2m13:25:25[22m [34m[200][39m / [2m63ms[22m
[vite] program reload
[2m13:25:26[22m [34m[200][39m /proyectos [2m12ms[22m
[vite] program reload
[2m13:25:29[22m [34m[200][39m / [2m19ms[22m
[vite] program reload
[2m13:25:30[22m [34m[200][39m /proyectos [2m17ms[22m
[vite] program reload
[2m13:25:30[22m [34m[200][39m / [2m13ms[22m
[vite] program reload
[2m13:25:31[22m [34m[200][39m /proyectos [2m14ms[22m
[vite] program reload
[2m13:25:33[22m [34m[200][39m / [2m19ms[22m
[vite] program reload
[2m13:25:34[22m [34m[200][39m /proyectos [2m16ms[22m
[vite] program reload
[2m13:25:35[22m [34m[200][39m / [2m15ms[22m
[vite] program reload
[2m13:25:36[22m [34m[200][39m /proyectos [2m15ms[22m
[vite] program reload
[2m13:25:38[22m [34m[200][39m / [2m14ms[22m
[vite] program reload
[vite] program reload
[2m13:25:38[22m [34m[200][39m / [2m58ms[22m
[vite] program reload
[vite] program reload
[2m13:25:39[22m [34m[200][39m / [2m59ms[22m
[vite] program reload
[2m13:25:40[22m [34m[200][39m /proyectos [2m13ms[22m
[vite] program reload
[2m13:25:42[22m [34m[200][39m / [2m17ms[22m
[vite] program reload
[2m13:25:44[22m [34m[200][39m /proyectos [2m14ms[22m
[vite] program reload
[2m13:25:46[22m [34m[200][39m / [2m18ms[22m
[vite] program reload
[2m13:25:47[22m [34m[200][39m /proyectos [2m14ms[22m
[vite] program reload
[vite] program reload
[2m13:25:49[22m [34m[200][39m / [2m65ms[22m
[2m13:25:49[22m [34m[200][39m / [2m65ms[22m
[vite] program reload
[2m13:25:51[22m [34m[200][39m /proyectos [2m15ms[22m
[vite] program reload
[2m13:25:54[22m [34m[200][39m / [2m20ms[22m
[vite] program reload
[2m13:25:55[22m [34m[200][39m /proyectos [2m15ms[22m
[vite] program reload
[2m13:25:56[22m [34m[200][39m / [2m18ms[22m
[vite] program reload
[2m13:25:57[22m [34m[200][39m /proyectos [2m16ms[22m
[vite] program reload
[2m13:26:01[22m [34m[200][39m / [2m16ms[22m
[vite] program reload
[2m13:26:02[22m [34m[200][39m /proyectos [2m14ms[22m
[vite] program reload
[2m13:26:05[22m [34m[200][39m / [2m20ms[22m
[vite] program reload
[2m13:26:06[22m [34m[200][39m /proyectos [2m15ms[22m
[vite] program reload
[vite] program reload
[2m13:26:07[22m [34m[200][39m / [2m76ms[22m
[2m13:26:07[22m [34m[200][39m / [2m76ms[22m
[vite] program reload
[2m13:26:08[22m [34m[200][39m /proyectos [2m15ms[22m
[vite] program reload
[2m13:26:10[22m [34m[200][39m / [2m18ms[22m
[vite] program reload
[vite] program reload
[2m13:26:11[22m [34m[200][39m / [2m64ms[22m
[2m13:26:11[22m [34m[200][39m /proyectos [2m16ms[22m
[vite] program reload
[2m13:26:12[22m [34m[200][39m /proyectos [2m15ms[22m
[vite] program reload
[2m13:26:14[22m [34m[200][39m / [2m16ms[22m
[vite] program reload
[2m13:26:15[22m [34m[200][39m /proyectos [2m12ms[22m
[vite] program reload
[2m13:26:16[22m [34m[200][39m / [2m20ms[22m
[vite] program reload
[2m13:26:18[22m [34m[200][39m /proyectos [2m16ms[22m
[vite] program reload
[2m13:26:23[22m [34m[200][39m / [2m15ms[22m
[vite] program reload
[2m13:26:24[22m [34m[200][39m /proyectos [2m15ms[22m
[vite] program reload
[2m13:26:26[22m [34m[200][39m / [2m19ms[22m
[vite] program reload
[2m13:26:27[22m [34m[200][39m /proyectos [2m14ms[22m
[vite] program reload
[2m13:26:29[22m [34m[200][39m / [2m19ms[22m
[vite] program reload
[2m13:26:30[22m [34m[200][39m /proyectos [2m11ms[22m
[vite] program reload
[2m13:26:31[22m [34m[200][39m / [2m15ms[22m
[vite] program reload
[2m13:26:32[22m [34m[200][39m /proyectos [2m14ms[22m
[vite] program reload
[2m13:26:33[22m [34m[200][39m / [2m19ms[22m
[vite] program reload
[2m13:26:34[22m [34m[200][39m /proyectos [2m14ms[22m
[vite] program reload
[2m13:26:35[22m [34m[200][39m / [2m17ms[22m
[vite] program reload
[2m13:26:35[22m [34m[200][39m /proyectos [2m15ms[22m
[vite] program reload
[2m13:26:38[22m [34m[200][39m / [2m18ms[22m
[vite] program reload
[2m13:26:38[22m [34m[200][39m /proyectos [2m13ms[22m
[vite] program reload
[vite] program reload
[2m13:26:39[22m [34m[200][39m / [2m67ms[22m
[2m13:26:39[22m [34m[200][39m / [2m67ms[22m
[vite] program reload
[vite] program reload
[2m13:26:40[22m [34m[200][39m /proyectos [2m20ms[22m
[vite] program reload
[2m13:26:41[22m [34m[200][39m / [2m17ms[22m
[vite] program reload
[2m13:26:42[22m [34m[200][39m /proyectos [2m14ms[22m
[vite] program reload
[2m13:26:45[22m [34m[200][39m / [2m15ms[22m
[vite] program reload
[2m13:26:46[22m [34m[200][39m /proyectos [2m16ms[22m
[vite] program reload
[2m13:26:47[22m [34m[200][39m / [2m16ms[22m
[vite] program reload
[2m13:26:47[22m [34m[200][39m /proyectos [2m12ms[22m
[vite] program reload
[vite] program reload
[2m13:26:50[22m [34m[200][39m / [2m58ms[22m
[2m13:26:50[22m [34m[200][39m / [2m59ms[22m
[vite] program reload
[2m13:26:50[22m [34m[200][39m /proyectos [2m14ms[22m
[2m13:26:53[22m [34m[200][39m /proyectos [2m6ms[22m
[2m13:26:53[22m [34m[200][39m /proyectos [2m6ms[22m
[vite] program reload
[2m13:26:54[22m [34m[200][39m / [2m15ms[22m
[vite] program reload
[2m13:26:54[22m [34m[200][39m /proyectos [2m14ms[22m
[vite] program reload
[2m13:26:55[22m [34m[200][39m / [2m15ms[22m
[vite] program reload
[2m13:26:55[22m [34m[200][39m /proyectos [2m15ms[22m
[vite] program reload
[2m13:26:56[22m [34m[200][39m / [2m18ms[22m
[vite] program reload
[vite] program reload
[2m13:26:57[22m [34m[200][39m /proyectos [2m15ms[22m
[vite] program reload
[2m13:27:00[22m [34m[200][39m / [2m22ms[22m
[vite] program reload
[vite] program reload
[2m13:27:00[22m [34m[200][39m / [2m67ms[22m
[2m13:27:01[22m [34m[200][39m /proyectos [2m14ms[22m
[vite] program reload
[vite] program reload
[2m13:27:01[22m [34m[200][39m / [2m73ms[22m
[2m13:27:01[22m [34m[200][39m / [2m73ms[22m
[vite] program reload
[vite] program reload
[2m13:27:02[22m [34m[200][39m /proyectos [2m17ms[22m
[vite] program reload
[2m13:27:04[22m [34m[200][39m / [2m20ms[22m
[vite] program reload
[vite] program reload
[2m13:27:05[22m [34m[200][39m / [2m100ms[22m
[2m13:27:05[22m [34m[200][39m /proyectos [2m15ms[22m
[vite] program reload
[2m13:27:06[22m [34m[200][39m /proyectos [2m19ms[22m
[vite] program reload
[2m13:27:12[22m [34m[200][39m / [2m16ms[22m
[vite] program reload
[2m13:27:13[22m [34m[200][39m /proyectos [2m19ms[22m
[vite] program reload
[2m13:27:14[22m [34m[200][39m / [2m19ms[22m
[vite] program reload
[2m13:27:15[22m [34m[200][39m /proyectos [2m15ms[22m
[vite] program reload
[2m13:27:19[22m [34m[200][39m / [2m18ms[22m
[vite] program reload
[2m13:27:20[22m [34m[200][39m /proyectos [2m15ms[22m
[vite] program reload
[2m13:27:22[22m [34m[200][39m / [2m17ms[22m
[vite] program reload
[2m13:27:22[22m [34m[200][39m /proyectos [2m13ms[22m
[vite] program reload
[2m13:27:22[22m [34m[200][39m / [2m19ms[22m
[vite] program reload
[2m13:27:23[22m [34m[200][39m /proyectos [2m14ms[22m
[vite] program reload
[2m13:27:23[22m [34m[200][39m / [2m17ms[22m
[vite] program reload
[2m13:27:24[22m [34m[200][39m /proyectos [2m13ms[22m
[vite] program reload
[2m13:27:26[22m [34m[200][39m / [2m22ms[22m
[vite] program reload
[vite] program reload
[2m13:27:27[22m [34m[200][39m / [2m51ms[22m
[vite] program reload
[2m13:27:28[22m [34m[200][39m /proyectos [2m15ms[22m
[vite] program reload
[2m13:27:29[22m [34m[200][39m / [2m15ms[22m
[vite] program reload
[vite] program reload
[2m13:27:30[22m [34m[200][39m / [2m71ms[22m
[vite] program reload
[vite] program reload
[2m13:27:31[22m [34m[200][39m / [2m56ms[22m
[vite] program reload
[2m13:27:31[22m [34m[200][39m /proyectos [2m12ms[22m
[vite] program reload
[2m13:27:36[22m [34m[200][39m / [2m20ms[22m
[vite] program reload
[vite] program reload
[2m13:27:37[22m [34m[200][39m / [2m93ms[22m
[vite] program reload
[vite] program reload
[2m13:27:38[22m [34m[200][39m /proyectos [2m272ms[22m
[2m13:27:38[22m [34m[200][39m / [2m292ms[22m
[vite] program reload
[vite] program reload
[2m13:27:39[22m [34m[200][39m /proyectos [2m13ms[22m
[vite] program reload
[2m13:27:40[22m [34m[200][39m / [2m18ms[22m
[vite] program reload
[2m13:27:41[22m [34m[200][39m /proyectos [2m14ms[22m
[vite] program reload
[vite] program reload
[2m13:27:46[22m [34m[200][39m / [2m70ms[22m
[2m13:27:46[22m [34m[200][39m / [2m70ms[22m
[vite] program reload
[vite] program reload
[2m13:27:48[22m [34m[200][39m /proyectos [2m68ms[22m
[2m13:27:48[22m [34m[200][39m /proyectos [2m6ms[22m
[2m13:27:48[22m [34m[200][39m /proyectos [2m5ms[22m
[vite] program reload
[vite] program reload
[2m13:27:49[22m [34m[200][39m / [2m291ms[22m
[2m13:27:49[22m [34m[200][39m / [2m77ms[22m
[2m13:27:49[22m [34m[200][39m /proyectos [2m109ms[22m
[vite] program reload
[2m13:28:13[22m [34m[200][39m /proyectos [2m12ms[22m
[2m13:28:13[22m [34m[200][39m /proyectos [2m4ms[22m
[2m13:28:13[22m [34m[200][39m /proyectos [2m5ms[22m
[vite] program reload
[vite] program reload
[2m13:28:14[22m [34m[200][39m /proyectos [2m276ms[22m
[2m13:28:14[22m [34m[200][39m / [2m300ms[22m
[2m13:28:14[22m [34m[200][39m / [2m300ms[22m
[vite] program reload
[vite] program reload
[vite] program reload
[vite] program reload
[2m13:28:15[22m [34m[200][39m / [2m61ms[22m
[2m13:28:15[22m [34m[200][39m / [2m61ms[22m
[vite] program reload
[vite] program reload
[2m13:28:16[22m [34m[200][39m /proyectos [2m316ms[22m
[2m13:28:16[22m [34m[200][39m / [2m339ms[22m
[vite] program reload
[2m13:28:17[22m [34m[200][39m /proyectos [2m14ms[22m
[vite] program reload
[2m13:28:19[22m [34m[200][39m / [2m20ms[22m
[vite] program reload
